This is pdfTeX, Version 3.14159265-2.6-1.40.17 (TeX Live 2016) (preloaded format=pdflatex 2016.5.22)  24 APR 2017 12:04
entering extended mode
 restricted \write18 enabled.
 %&-line parsing enabled.
**nondimensional.tex
(./nondimensional.tex
LaTeX2e <2016/03/31>
Babel <3.9r> and hyphenation patterns for 83 language(s) loaded.
(/usr/local/texlive/2016/texmf-dist/tex/latex/base/article.cls
Document Class: article 2014/09/29 v1.4h Standard LaTeX document class
(/usr/local/texlive/2016/texmf-dist/tex/latex/base/size12.clo
File: size12.clo 2014/09/29 v1.4h Standard LaTeX file (size option)
)
\c@part=\count79
\c@section=\count80
\c@subsection=\count81
\c@subsubsection=\count82
\c@paragraph=\count83
\c@subparagraph=\count84
\c@figure=\count85
\c@table=\count86
\abovecaptionskip=\skip41
\belowcaptionskip=\skip42
\bibindent=\dimen102
)
(/usr/local/texlive/2016/texmf-dist/tex/latex/natbib/natbib.sty
Package: natbib 2010/09/13 8.31b (PWD, AO)
\bibhang=\skip43
\bibsep=\skip44
LaTeX Info: Redefining \cite on input line 694.
\c@NAT@ctr=\count87
)
(/usr/local/texlive/2016/texmf-dist/tex/latex/amsfonts/amsfonts.sty
Package: amsfonts 2013/01/14 v3.01 Basic AMSFonts support
\@emptytoks=\toks14
\symAMSa=\mathgroup4
\symAMSb=\mathgroup5
LaTeX Font Info:    Overwriting math alphabet `\mathfrak' in version `bold'
(Font)                  U/euf/m/n --> U/euf/b/n on input line 106.
)
(/usr/local/texlive/2016/texmf-dist/tex/latex/graphics/graphics.sty
Package: graphics 2016/05/09 v1.0r Standard LaTeX Graphics (DPC,SPQR)

(/usr/local/texlive/2016/texmf-dist/tex/latex/graphics/trig.sty
Package: trig 2016/01/03 v1.10 sin cos tan (DPC)
)
(/usr/local/texlive/2016/texmf-dist/tex/latex/graphics-cfg/graphics.cfg
File: graphics.cfg 2016/01/02 v1.10 sample graphics configuration
)
Package graphics Info: Driver file: pdftex.def on input line 96.

(/usr/local/texlive/2016/texmf-dist/tex/latex/pdftex-def/pdftex.def
File: pdftex.def 2011/05/27 v0.06d Graphics/color for pdfTeX

(/usr/local/texlive/2016/texmf-dist/tex/generic/oberdiek/infwarerr.sty
Package: infwarerr 2016/05/16 v1.4 Providing info/warning/error messages (HO)
)
(/usr/local/texlive/2016/texmf-dist/tex/generic/oberdiek/ltxcmds.sty
Package: ltxcmds 2016/05/16 v1.23 LaTeX kernel commands for general use (HO)
)
\Gread@gobject=\count88
))
(/usr/local/texlive/2016/texmf-dist/tex/latex/amsmath/amsmath.sty
Package: amsmath 2016/03/10 v2.15b AMS math features
\@mathmargin=\skip45

For additional information on amsmath, use the `?' option.
(/usr/local/texlive/2016/texmf-dist/tex/latex/amsmath/amstext.sty
Package: amstext 2000/06/29 v2.01 AMS text

(/usr/local/texlive/2016/texmf-dist/tex/latex/amsmath/amsgen.sty
File: amsgen.sty 1999/11/30 v2.0 generic functions
\@emptytoks=\toks15
\ex@=\dimen103
))
(/usr/local/texlive/2016/texmf-dist/tex/latex/amsmath/amsbsy.sty
Package: amsbsy 1999/11/29 v1.2d Bold Symbols
\pmbraise@=\dimen104
)
(/usr/local/texlive/2016/texmf-dist/tex/latex/amsmath/amsopn.sty
Package: amsopn 2016/03/08 v2.02 operator names
)
\inf@bad=\count89
LaTeX Info: Redefining \frac on input line 199.
\uproot@=\count90
\leftroot@=\count91
LaTeX Info: Redefining \overline on input line 297.
\classnum@=\count92
\DOTSCASE@=\count93
LaTeX Info: Redefining \ldots on input line 394.
LaTeX Info: Redefining \dots on input line 397.
LaTeX Info: Redefining \cdots on input line 518.
\Mathstrutbox@=\box26
\strutbox@=\box27
\big@size=\dimen105
LaTeX Font Info:    Redeclaring font encoding OML on input line 634.
LaTeX Font Info:    Redeclaring font encoding OMS on input line 635.
\macc@depth=\count94
\c@MaxMatrixCols=\count95
\dotsspace@=\muskip10
\c@parentequation=\count96
\dspbrk@lvl=\count97
\tag@help=\toks16
\row@=\count98
\column@=\count99
\maxfields@=\count100
\andhelp@=\toks17
\eqnshift@=\dimen106
\alignsep@=\dimen107
\tagshift@=\dimen108
\tagwidth@=\dimen109
\totwidth@=\dimen110
\lineht@=\dimen111
\@envbody=\toks18
\multlinegap=\skip46
\multlinetaggap=\skip47
\mathdisplay@stack=\toks19
LaTeX Info: Redefining \[ on input line 2739.
LaTeX Info: Redefining \] on input line 2740.
)
(/usr/local/texlive/2016/texmf-dist/tex/latex/graphics/graphicx.sty
Package: graphicx 2014/10/28 v1.0g Enhanced LaTeX Graphics (DPC,SPQR)

(/usr/local/texlive/2016/texmf-dist/tex/latex/graphics/keyval.sty
Package: keyval 2014/10/28 v1.15 key=value parser (DPC)
\KV@toks@=\toks20
)
\Gin@req@height=\dimen112
\Gin@req@width=\dimen113
)
\@input{newcommands.aux}
\openout2 = `newcommands.aux'.

(./newcommands.tex) (./nondimensional.aux)
\openout1 = `nondimensional.aux'.

LaTeX Font Info:    Checking defaults for OML/cmm/m/it on input line 8.
LaTeX Font Info:    ... okay on input line 8.
LaTeX Font Info:    Checking defaults for T1/cmr/m/n on input line 8.
LaTeX Font Info:    ... okay on input line 8.
LaTeX Font Info:    Checking defaults for OT1/cmr/m/n on input line 8.
LaTeX Font Info:    ... okay on input line 8.
LaTeX Font Info:    Checking defaults for OMS/cmsy/m/n on input line 8.
LaTeX Font Info:    ... okay on input line 8.
LaTeX Font Info:    Checking defaults for OMX/cmex/m/n on input line 8.
LaTeX Font Info:    ... okay on input line 8.
LaTeX Font Info:    Checking defaults for U/cmr/m/n on input line 8.
LaTeX Font Info:    ... okay on input line 8.

(/usr/local/texlive/2016/texmf-dist/tex/context/base/mkii/supp-pdf.mkii
[Loading MPS to PDF converter (version 2006.09.02).]
\scratchcounter=\count101
\scratchdimen=\dimen114
\scratchbox=\box28
\nofMPsegments=\count102
\nofMParguments=\count103
\everyMPshowfont=\toks21
\MPscratchCnt=\count104
\MPscratchDim=\dimen115
\MPnumerator=\count105
\makeMPintoPDFobject=\count106
\everyMPtoPDFconversion=\toks22
) (/usr/local/texlive/2016/texmf-dist/tex/generic/oberdiek/pdftexcmds.sty
Package: pdftexcmds 2016/05/10 v0.21 Utility functions of pdfTeX for LuaTeX (HO
)

(/usr/local/texlive/2016/texmf-dist/tex/generic/oberdiek/ifluatex.sty
Package: ifluatex 2016/05/16 v1.4 Provides the ifluatex switch (HO)
Package ifluatex Info: LuaTeX not detected.
)
(/usr/local/texlive/2016/texmf-dist/tex/generic/oberdiek/ifpdf.sty
Package: ifpdf 2016/05/14 v3.1 Provides the ifpdf switch
)
Package pdftexcmds Info: LuaTeX not detected.
Package pdftexcmds Info: \pdf@primitive is available.
Package pdftexcmds Info: \pdf@ifprimitive is available.
Package pdftexcmds Info: \pdfdraftmode found.
)
(/usr/local/texlive/2016/texmf-dist/tex/latex/oberdiek/epstopdf-base.sty
Package: epstopdf-base 2016/05/15 v2.6 Base part for package epstopdf

(/usr/local/texlive/2016/texmf-dist/tex/latex/oberdiek/grfext.sty
Package: grfext 2016/05/16 v1.2 Manage graphics extensions (HO)

(/usr/local/texlive/2016/texmf-dist/tex/generic/oberdiek/kvdefinekeys.sty
Package: kvdefinekeys 2016/05/16 v1.4 Define keys (HO)
))
(/usr/local/texlive/2016/texmf-dist/tex/latex/oberdiek/kvoptions.sty
Package: kvoptions 2016/05/16 v3.12 Key value format for package options (HO)

(/usr/local/texlive/2016/texmf-dist/tex/generic/oberdiek/kvsetkeys.sty
Package: kvsetkeys 2016/05/16 v1.17 Key value parser (HO)

(/usr/local/texlive/2016/texmf-dist/tex/generic/oberdiek/etexcmds.sty
Package: etexcmds 2016/05/16 v1.6 Avoid name clashes with e-TeX commands (HO)
Package etexcmds Info: Could not find \expanded.
(etexcmds)             That can mean that you are not using pdfTeX 1.50 or
(etexcmds)             that some package has redefined \expanded.
(etexcmds)             In the latter case, load this package earlier.
)))
Package grfext Info: Graphics extension search list:
(grfext)             [.png,.pdf,.jpg,.mps,.jpeg,.jbig2,.jb2,.PNG,.PDF,.JPG,.JPE
G,.JBIG2,.JB2,.eps]
(grfext)             \AppendGraphicsExtensions on input line 456.

(/usr/local/texlive/2016/texmf-dist/tex/latex/latexconfig/epstopdf-sys.cfg
File: epstopdf-sys.cfg 2010/07/13 v1.3 Configuration of (r)epstopdf for TeX Liv
e
))
LaTeX Font Info:    Try loading font information for U+msa on input line 14.

(/usr/local/texlive/2016/texmf-dist/tex/latex/amsfonts/umsa.fd
File: umsa.fd 2013/01/14 v3.01 AMS symbols A
)
LaTeX Font Info:    Try loading font information for U+msb on input line 14.

(/usr/local/texlive/2016/texmf-dist/tex/latex/amsfonts/umsb.fd
File: umsb.fd 2013/01/14 v3.01 AMS symbols B
) [1



{/usr/local/texlive/2016/texmf-var/fonts/map/pdftex/updmap/pdftex.map}] [2] [3]
 [4] [5]
[6]
Overfull \hbox (7.79044pt too wide) in paragraph at lines 188--190
\OT1/cmr/m/n/12 Nondimensionalizing as above, with the ad-di-tion of $\OML/cmm/
m/it/12 v \OT1/cmr/m/n/12 = \OML/cmm/m/it/12 u[]v\OMS/cmsy/m/n/12 ^^C$\OT1/cmr/
m/n/12 , the $\OML/cmm/m/it/12 u$\OT1/cmr/m/n/12 -momentum
 []

[7] [8]
Overfull \hbox (25.70964pt too wide) in paragraph at lines 268--271
\OT1/cmr/m/n/12 When $\OML/cmm/m/it/12 ^^O > \OT1/cmr/m/n/12 1$, the non-hy-dro
-static so-lu-tion is of the form $\OML/cmm/m/it/12 w\OT1/cmr/m/n/12 (\OML/cmm/
m/it/12 x; z\OT1/cmr/m/n/12 ) = [](\OML/cmm/m/it/12 x\OT1/cmr/m/n/12 ) [](\OMS/
cmsy/m/n/12 ^^@\OML/cmm/m/it/12 mz\OT1/cmr/m/n/12 )$,
 []

[9] [10] [11]
Package epstopdf Info: Source file: <delta_solutions.eps>
(epstopdf)                    date: 2017-04-16 22:55:17
(epstopdf)                    size: 123223 bytes
(epstopdf)             Output file: <delta_solutions-eps-converted-to.pdf>
(epstopdf)                    date: 2017-04-16 22:57:24
(epstopdf)                    size: 36373 bytes
(epstopdf)             Command: <repstopdf --outfile=delta_solutions-eps-conver
ted-to.pdf delta_solutions.eps>
(epstopdf)             \includegraphics on input line 369.
Package epstopdf Info: Output file is already uptodate.

<delta_solutions-eps-converted-to.pdf, id=47, 472.76625pt x 383.4325pt>
File: delta_solutions-eps-converted-to.pdf Graphic file (type pdf)

<use delta_solutions-eps-converted-to.pdf>
Package pdftex.def Info: delta_solutions-eps-converted-to.pdf used on input lin
e 369.
(pdftex.def)             Requested size: 390.0pt x 316.31232pt.
Package epstopdf Info: Source file: <eta_solutions.eps>
(epstopdf)                    date: 2017-04-16 22:55:17
(epstopdf)                    size: 123079 bytes
(epstopdf)             Output file: <eta_solutions-eps-converted-to.pdf>
(epstopdf)                    date: 2017-04-16 22:57:25
(epstopdf)                    size: 36108 bytes
(epstopdf)             Command: <repstopdf --outfile=eta_solutions-eps-converte
d-to.pdf eta_solutions.eps>
(epstopdf)             \includegraphics on input line 375.
Package epstopdf Info: Output file is already uptodate.

<eta_solutions-eps-converted-to.pdf, id=48, 472.76625pt x 383.4325pt>
File: eta_solutions-eps-converted-to.pdf Graphic file (type pdf)

<use eta_solutions-eps-converted-to.pdf>
Package pdftex.def Info: eta_solutions-eps-converted-to.pdf used on input line 
375.
(pdftex.def)             Requested size: 390.0pt x 316.31232pt.
Package epstopdf Info: Source file: <u_solutions.eps>
(epstopdf)                    date: 2017-04-16 22:53:35
(epstopdf)                    size: 89398 bytes
(epstopdf)             Output file: <u_solutions-eps-converted-to.pdf>
(epstopdf)                    date: 2017-04-16 22:57:25
(epstopdf)                    size: 254503 bytes
(epstopdf)             Command: <repstopdf --outfile=u_solutions-eps-converted-
to.pdf u_solutions.eps>
(epstopdf)             \includegraphics on input line 381.
Package epstopdf Info: Output file is already uptodate.

<u_solutions-eps-converted-to.pdf, id=49, 563.10374pt x 422.57875pt>
File: u_solutions-eps-converted-to.pdf Graphic file (type pdf)

<use u_solutions-eps-converted-to.pdf>
Package pdftex.def Info: u_solutions-eps-converted-to.pdf used on input line 38
1.
(pdftex.def)             Requested size: 390.0pt x 292.67581pt.
Package epstopdf Info: Source file: <w_solutions.eps>
(epstopdf)                    date: 2017-04-16 22:53:36
(epstopdf)                    size: 92666 bytes
(epstopdf)             Output file: <w_solutions-eps-converted-to.pdf>
(epstopdf)                    date: 2017-04-16 22:57:26
(epstopdf)                    size: 244556 bytes
(epstopdf)             Command: <repstopdf --outfile=w_solutions-eps-converted-
to.pdf w_solutions.eps>
(epstopdf)             \includegraphics on input line 387.
Package epstopdf Info: Output file is already uptodate.

<w_solutions-eps-converted-to.pdf, id=50, 563.10374pt x 422.57875pt>
File: w_solutions-eps-converted-to.pdf Graphic file (type pdf)

<use w_solutions-eps-converted-to.pdf>
Package pdftex.def Info: w_solutions-eps-converted-to.pdf used on input line 38
7.
(pdftex.def)             Requested size: 390.0pt x 292.67581pt.
Package epstopdf Info: Source file: <vel_via_diff.eps>
(epstopdf)                    date: 2017-04-16 22:53:38
(epstopdf)                    size: 2151129 bytes
(epstopdf)             Output file: <vel_via_diff-eps-converted-to.pdf>
(epstopdf)                    date: 2017-04-16 22:57:26
(epstopdf)                    size: 245815 bytes
(epstopdf)             Command: <repstopdf --outfile=vel_via_diff-eps-converted
-to.pdf vel_via_diff.eps>
(epstopdf)             \includegraphics on input line 393.
Package epstopdf Info: Output file is already uptodate.

<vel_via_diff-eps-converted-to.pdf, id=51, 466.74374pt x 388.45125pt>
File: vel_via_diff-eps-converted-to.pdf Graphic file (type pdf)

<use vel_via_diff-eps-converted-to.pdf>
Package pdftex.def Info: vel_via_diff-eps-converted-to.pdf used on input line 3
93.
(pdftex.def)             Requested size: 390.0pt x 324.59569pt.
 [12] [13 <./delta_solutions-eps-converted-to.pdf>] [14 <./eta_solutions-eps-co
nverted-to.pdf>] [15 <./u_solutions-eps-converted-to.pdf>] [16 <./w_solutions-e
ps-converted-to.pdf>] [17 <./vel_via_diff-eps-converted-to.pdf>]
Package epstopdf Info: Source file: <max_slopes.eps>
(epstopdf)                    date: 2017-04-16 22:53:39
(epstopdf)                    size: 64416 bytes
(epstopdf)             Output file: <max_slopes-eps-converted-to.pdf>
(epstopdf)                    date: 2017-04-16 22:57:27
(epstopdf)                    size: 27952 bytes
(epstopdf)             Command: <repstopdf --outfile=max_slopes-eps-converted-t
o.pdf max_slopes.eps>
(epstopdf)             \includegraphics on input line 412.
Package epstopdf Info: Output file is already uptodate.

<max_slopes-eps-converted-to.pdf, id=99, 469.755pt x 384.43625pt>
File: max_slopes-eps-converted-to.pdf Graphic file (type pdf)

<use max_slopes-eps-converted-to.pdf>
Package pdftex.def Info: max_slopes-eps-converted-to.pdf used on input line 412
.
(pdftex.def)             Requested size: 390.0pt x 319.16412pt.
Package epstopdf Info: Source file: <max_shearsq.eps>
(epstopdf)                    date: 2017-04-21 00:47:04
(epstopdf)                    size: 82871 bytes
(epstopdf)             Output file: <max_shearsq-eps-converted-to.pdf>
(epstopdf)                    date: 2017-04-21 00:47:52
(epstopdf)                    size: 35476 bytes
(epstopdf)             Command: <repstopdf --outfile=max_shearsq-eps-converted-
to.pdf max_shearsq.eps>
(epstopdf)             \includegraphics on input line 418.
Package epstopdf Info: Output file is already uptodate.

<max_shearsq-eps-converted-to.pdf, id=100, 475.7775pt x 386.44376pt>
File: max_shearsq-eps-converted-to.pdf Graphic file (type pdf)

<use max_shearsq-eps-converted-to.pdf>
Package pdftex.def Info: max_shearsq-eps-converted-to.pdf used on input line 41
8.
(pdftex.def)             Requested size: 390.0pt x 316.78569pt.
 [18] [19 <./max_slopes-eps-converted-to.pdf>] [20 <./max_shearsq-eps-converted
-to.pdf>]
Package epstopdf Info: Source file: <witch_bathymetry.eps>
(epstopdf)                    date: 2017-04-21 10:20:06
(epstopdf)                    size: 79920 bytes
(epstopdf)             Output file: <witch_bathymetry-eps-converted-to.pdf>
(epstopdf)                    date: 2017-04-21 10:22:43
(epstopdf)                    size: 33653 bytes
(epstopdf)             Command: <repstopdf --outfile=witch_bathymetry-eps-conve
rted-to.pdf witch_bathymetry.eps>
(epstopdf)             \includegraphics on input line 450.
Package epstopdf Info: Output file is already uptodate.

<witch_bathymetry-eps-converted-to.pdf, id=121, 480.79625pt x 387.4475pt>
File: witch_bathymetry-eps-converted-to.pdf Graphic file (type pdf)

<use witch_bathymetry-eps-converted-to.pdf>
Package pdftex.def Info: witch_bathymetry-eps-converted-to.pdf used on input li
ne 450.
(pdftex.def)             Requested size: 390.0pt x 314.28596pt.
Package epstopdf Info: Source file: <witch_eta.eps>
(epstopdf)                    date: 2017-04-21 10:20:13
(epstopdf)                    size: 389724 bytes
(epstopdf)             Output file: <witch_eta-eps-converted-to.pdf>
(epstopdf)                    date: 2017-04-21 10:22:43
(epstopdf)                    size: 123965 bytes
(epstopdf)             Command: <repstopdf --outfile=witch_eta-eps-converted-to
.pdf witch_eta.eps>
(epstopdf)             \includegraphics on input line 456.
Package epstopdf Info: Output file is already uptodate.

<witch_eta-eps-converted-to.pdf, id=122, 467.7475pt x 399.4925pt>
File: witch_eta-eps-converted-to.pdf Graphic file (type pdf)

<use witch_eta-eps-converted-to.pdf>
Package pdftex.def Info: witch_eta-eps-converted-to.pdf used on input line 456.

(pdftex.def)             Requested size: 390.0pt x 333.10872pt.
 [21 <./witch_bathymetry-eps-converted-to.pdf>] [22 <./witch_eta-eps-converted-
to.pdf>] (./nondimensional.aux) ) 
Here is how much of TeX's memory you used:
 2577 strings out of 493014
 35206 string characters out of 6133351
 103852 words of memory out of 5000000
 6080 multiletter control sequences out of 15000+600000
 13024 words of font info for 50 fonts, out of 8000000 for 9000
 1141 hyphenation exceptions out of 8191
 38i,8n,24p,1330b,227s stack positions out of 5000i,500n,10000p,200000b,80000s
</usr/local/texlive/2016/texmf-dist/fonts/type
1/public/amsfonts/cm/cmbx12.pfb></usr/local/texlive/2016/texmf-dist/fonts/type1
/public/amsfonts/cm/cmex10.pfb></usr/local/texlive/2016/texmf-dist/fonts/type1/
public/amsfonts/cm/cmmi12.pfb></usr/local/texlive/2016/texmf-dist/fonts/type1/p
ublic/amsfonts/cm/cmmi8.pfb></usr/local/texlive/2016/texmf-dist/fonts/type1/pub
lic/amsfonts/cm/cmr12.pfb></usr/local/texlive/2016/texmf-dist/fonts/type1/publi
c/amsfonts/cm/cmr17.pfb></usr/local/texlive/2016/texmf-dist/fonts/type1/public/
amsfonts/cm/cmr8.pfb></usr/local/texlive/2016/texmf-dist/fonts/type1/public/ams
fonts/cm/cmsy10.pfb></usr/local/texlive/2016/texmf-dist/fonts/type1/public/amsf
onts/cm/cmsy6.pfb></usr/local/texlive/2016/texmf-dist/fonts/type1/public/amsfon
ts/cm/cmsy8.pfb>
Output written on nondimensional.pdf (22 pages, 1165965 bytes).
PDF statistics:
 173 PDF objects out of 1000 (max. 8388607)
 112 compressed objects within 2 object streams
 0 named destinations out of 1000 (max. 500000)
 46 words of extra memory for PDF output out of 10000 (max. 10000000)

